2022-06-11 22:36:12,453 - INFO    - url:https://news.sina.com.cn/c/2022-06-11/doc-imizirau7865950.shtml
2022-06-11 22:36:12,465 - INFO    - url:https://finance.sina.com.cn/7x24/2022-06-11/doc-imizmscu6324745.shtml
2022-06-11 22:36:12,469 - INFO    - url:https://news.sina.com.cn/o/2022-06-11/doc-imizirau7855246.shtml
2022-06-11 22:36:12,484 - INFO    - url:https://news.sina.com.cn/o/2022-06-11/doc-imizirau7844045.shtml
2022-06-11 22:36:12,485 - INFO    - url:https://finance.sina.com.cn/stock/usstock/c/2022-06-11/doc-imizmscu6325173.shtml
2022-06-11 22:36:12,486 - INFO    - url:https://news.sina.com.cn/c/2022-06-11/doc-imizmscu6290325.shtml
2022-06-11 22:36:12,490 - INFO    - url:https://mil.news.sina.com.cn/world/2022-06-11/doc-imizmscu6307341.shtml
2022-06-11 22:36:12,492 - INFO    - url:https://finance.sina.com.cn/jjxw/2022-06-11/doc-imizmscu6322780.shtml
2022-06-11 22:36:12,497 - INFO    - url:https://finance.sina.com.cn/7x24/2022-06-11/doc-imizmscu6324745.shtml
2022-06-11 22:36:12,500 - INFO    - url:https://finance.sina.com.cn/tech/2022-06-11/doc-imizmscu6321493.shtml
2022-06-11 22:36:12,500 - INFO    - url:https://news.sina.com.cn/c/2022-06-11/doc-imizirau7836143.shtml
2022-06-11 22:36:12,508 - INFO    - url:https://news.sina.com.cn/w/2022-06-11/doc-imizirau7835121.shtml
2022-06-11 22:36:12,511 - INFO    - url:https://finance.sina.com.cn/jjxw/2022-06-11/doc-imizmscu6322783.shtml
2022-06-11 22:36:12,513 - INFO    - url:https://mil.news.sina.com.cn/world/2022-06-10/doc-imizmscu6174031.shtml
2022-06-11 22:36:12,513 - INFO    - url:https://finance.sina.com.cn/stock/usstock/c/2022-06-11/doc-imizmscu6325173.shtml
2022-06-11 22:36:12,513 - INFO    - url:https://news.sina.com.cn/c/2022-06-11/doc-imizmscu6288491.shtml
2022-06-11 22:36:12,514 - INFO    - url:https://finance.sina.com.cn/tech/2022-06-11/doc-imizirau7877409.shtml
2022-06-11 22:36:12,518 - INFO    - url:https://sports.sina.com.cn/g/laliga/2022-06-11/doc-imizmscu6317495.shtml
2022-06-11 22:36:12,520 - INFO    - url:https://finance.sina.com.cn/china/2022-06-11/doc-imizirau7877678.shtml
2022-06-11 22:36:12,521 - INFO    - url:https://news.sina.com.cn/w/2022-06-11/doc-imizmscu6278683.shtml
2022-06-11 22:36:12,526 - INFO    - url:https://ent.sina.com.cn/m/c/2022-06-11/doc-imizirau7700923.shtml
2022-06-11 22:36:12,531 - INFO    - url:https://news.sina.com.cn/o/2022-06-11/doc-imizirau7855246.shtml
2022-06-11 22:36:12,533 - INFO    - url:https://mil.news.sina.com.cn/world/2022-06-10/doc-imizmscu6170693.shtml
2022-06-11 22:36:12,534 - INFO    - url:https://finance.sina.com.cn/jjxw/2022-06-11/doc-imizirau7873037.shtml
2022-06-11 22:36:12,535 - INFO    - url:https://news.sina.com.cn/o/2022-06-11/doc-imizirau7835582.shtml
2022-06-11 22:36:12,543 - INFO    - url:https://finance.sina.com.cn/7x24/2022-06-11/doc-imizmscu6324745.shtml
2022-06-11 22:36:12,545 - INFO    - url:https://finance.sina.com.cn/tech/2022-06-11/doc-imizmscu6320652.shtml
2022-06-11 22:36:12,546 - INFO    - url:https://sports.sina.com.cn/motorracing/f1/newsall/2022-06-11/doc-imizmscu6316333.shtml
2022-06-11 22:36:12,547 - INFO    - url:https://finance.sina.com.cn/china/gncj/2022-06-11/doc-imizmscu6322404.shtml
2022-06-11 22:36:12,547 - INFO    - url:https://news.sina.com.cn/w/2022-06-11/doc-imizirau7825502.shtml
2022-06-11 22:36:12,548 - INFO    - url:https://ent.sina.com.cn/m/c/2022-06-10/doc-imizmscu6155093.shtml
2022-06-11 22:36:12,548 - INFO    - url:https://mil.news.sina.com.cn/dgby/2022-06-10/doc-imizmscu6165779.shtml
2022-06-11 22:36:12,551 - INFO    - url:https://finance.sina.com.cn/stock/usstock/c/2022-06-11/doc-imizmscu6325173.shtml
2022-06-11 22:36:12,551 - INFO    - url:https://news.sina.com.cn/s/2022-06-11/doc-imizmscu6296298.shtml
2022-06-11 22:36:12,551 - INFO    - url:https://news.sina.com.cn/c/2022-06-11/doc-imizmscu6281304.shtml
2022-06-11 22:36:12,552 - INFO    - url:https://finance.sina.com.cn/jjxw/2022-06-11/doc-imizirau7870276.shtml
2022-06-11 22:36:12,553 - INFO    - url:https://finance.sina.com.cn/tech/2022-06-11/doc-imizmscu6318099.shtml
2022-06-11 22:36:12,554 - INFO    - url:https://sports.sina.com.cn/g/laliga/2022-06-11/doc-imizmscu6313962.shtml
2022-06-11 22:36:12,556 - INFO    - url:https://finance.sina.com.cn/china/2022-06-11/doc-imizmscu6321260.shtml
2022-06-11 22:36:12,557 - INFO    - url:https://news.sina.com.cn/o/2022-06-11/doc-imizirau7818931.shtml
2022-06-11 22:36:12,559 - INFO    - url:https://mil.news.sina.com.cn/2022-06-10/doc-imizmscu6159713.shtml
2022-06-11 22:36:12,559 - INFO    - url:https://ent.sina.com.cn/m/2022-06-10/doc-imizirau7614907.shtml
2022-06-11 22:36:12,560 - INFO    - url:https://news.sina.com.cn/s/2022-06-11/doc-imizmscu6290485.shtml
2022-06-11 22:36:12,560 - INFO    - url:https://finance.sina.com.cn/jjxw/2022-06-11/doc-imizirau7873037.shtml
2022-06-11 22:36:12,563 - INFO    - url:https://finance.sina.com.cn/7x24/2022-06-11/doc-imizirau7868276.shtml
2022-06-11 22:36:12,564 - INFO    - url:https://news.sina.com.cn/o/2022-06-11/doc-imizmscu6277041.shtml
2022-06-11 22:36:12,565 - INFO    - url:https://finance.sina.com.cn/tech/2022-06-11/doc-imizmscu6315698.shtml
2022-06-11 22:36:12,567 - INFO    - url:https://finance.sina.com.cn/china/2022-06-11/doc-imizmscu6321674.shtml
2022-06-11 22:36:12,568 - INFO    - url:https://sports.sina.com.cn/l/2022-02-17/doc-ikyakumy6362048.shtml
2022-06-11 22:36:12,570 - INFO    - url:https://news.sina.com.cn/s/2022-06-11/doc-imizmscu6312072.shtml
2022-06-11 22:36:12,570 - INFO    - url:https://mil.news.sina.com.cn/2022-06-10/doc-imizmscu6157343.shtml
2022-06-11 22:36:12,571 - INFO    - url:https://news.sina.com.cn/w/2022-06-11/doc-imizmscu6266462.shtml
2022-06-11 22:36:12,572 - INFO    - url:https://ent.sina.com.cn/y/yneidi/2022-06-09/doc-imizmscu5938374.shtml
2022-06-11 22:36:12,572 - INFO    - url:https://finance.sina.com.cn/roll/2022-06-11/doc-imizmscu6314204.shtml
2022-06-11 22:36:12,574 - INFO    - url:https://finance.sina.com.cn/jjxw/2022-06-11/doc-imizirau7870276.shtml
2022-06-11 22:36:12,574 - INFO    - url:https://finance.sina.com.cn/tech/2022-06-11/doc-imizmscu6315953.shtml
2022-06-11 22:36:12,575 - INFO    - url:https://finance.sina.com.cn/china/2022-06-11/doc-imizirau7874707.shtml
2022-06-11 22:36:12,575 - INFO    - url:https://sports.sina.com.cn/global/france/2022-06-11/doc-imizmscu6304327.shtml
2022-06-11 22:36:12,576 - INFO    - url:https://news.sina.com.cn/c/2022-06-11/doc-imizmscu6272981.shtml
2022-06-11 22:36:12,577 - INFO    - url:https://news.sina.com.cn/s/2022-06-11/doc-imizmscu6270166.shtml
2022-06-11 22:36:12,578 - INFO    - url:https://news.sina.com.cn/w/2022-06-11/doc-imizirau7809417.shtml
2022-06-11 22:36:12,579 - INFO    - url:https://finance.sina.com.cn/stock/usstock/c/2022-06-11/doc-imizmscu6313051.shtml
2022-06-11 22:36:12,580 - INFO    - url:https://mil.news.sina.com.cn/2022-06-10/doc-imizirau7680312.shtml
2022-06-11 22:36:12,581 - INFO    - url:https://ent.sina.com.cn/m/f/2022-06-09/doc-imizirau7396784.shtml
2022-06-11 22:36:12,581 - INFO    - url:https://finance.sina.com.cn/7x24/2022-06-11/doc-imizirau7868276.shtml
2022-06-11 22:36:12,581 - INFO    - url:https://finance.sina.com.cn/tech/2022-06-11/doc-imizirau7868480.shtml
2022-06-11 22:36:12,585 - INFO    - url:https://sports.sina.com.cn/g/pl/2022-06-11/doc-imizirau7852551.shtml
2022-06-11 22:36:12,585 - INFO    - url:https://finance.sina.com.cn/china/2022-06-11/doc-imizmscu6320706.shtml
2022-06-11 22:36:12,586 - INFO    - url:https://news.sina.com.cn/s/2022-06-11/doc-imizmscu6266214.shtml
2022-06-11 22:36:12,586 - INFO    - url:https://news.sina.com.cn/c/2022-06-11/doc-imizmscu6269946.shtml
2022-06-11 22:36:12,588 - INFO    - url:https://mil.news.sina.com.cn/2022-06-10/doc-imizmscu6149160.shtml
2022-06-11 22:36:12,589 - INFO    - url:https://finance.sina.com.cn/world/2022-06-11/doc-imizmscu6311188.shtml
2022-06-11 22:36:12,590 - INFO    - url:https://ent.sina.com.cn/m/f/2022-06-08/doc-imizirau7180711.shtml
2022-06-11 22:36:12,590 - INFO    - url:https://news.sina.com.cn/o/2022-06-11/doc-imizirau7798985.shtml
2022-06-11 22:36:12,591 - INFO    - url:https://finance.sina.com.cn/roll/2022-06-11/doc-imizmscu6314204.shtml
2022-06-11 22:36:12,592 - INFO    - url:https://finance.sina.com.cn/tech/2022-06-11/doc-imizmscu6311557.shtml
2022-06-11 22:36:12,593 - INFO    - url:https://sports.sina.com.cn/g/laliga/2022-06-11/doc-imizirau7847675.shtml
2022-06-11 22:36:12,594 - INFO    - url:https://news.sina.com.cn/c/2022-06-11/doc-imizmscu6251940.shtml
2022-06-11 22:36:12,595 - INFO    - url:https://news.sina.com.cn/s/2022-06-11/doc-imizirau7804737.shtml
2022-06-11 22:36:12,595 - INFO    - url:https://finance.sina.com.cn/jjxw/2022-06-11/doc-imizirau7874660.shtml
2022-06-11 22:36:12,596 - INFO    - url:https://mil.news.sina.com.cn/2022-06-10/doc-imizmscu6113928.shtml
2022-06-11 22:36:12,597 - INFO    - url:https://ent.sina.com.cn/tv/zy/2022-06-07/doc-imizirau6987035.shtml
2022-06-11 22:36:12,598 - INFO    - url:https://news.sina.com.cn/w/2022-06-11/doc-imizirau7791139.shtml
2022-06-11 22:36:12,598 - INFO    - url:https://finance.sina.com.cn/jjxw/2022-06-11/doc-imizirau7858572.shtml
2022-06-11 22:36:12,600 - INFO    - url:https://finance.sina.com.cn/tech/2022-06-11/doc-imizirau7859990.shtml
2022-06-11 22:36:12,601 - INFO    - url:https://sports.sina.com.cn/chess/weiqi/2022-06-11/doc-imizirau7842922.shtml
2022-06-11 22:36:12,601 - INFO    - url:https://news.sina.com.cn/c/2022-06-11/doc-imizmscu6247503.shtml
2022-06-11 22:36:12,602 - INFO    - url:https://finance.sina.com.cn/stock/usstock/c/2022-06-11/doc-imizmscu6313051.shtml
2022-06-11 22:36:12,602 - INFO    - url:https://news.sina.com.cn/s/2022-06-11/doc-imizirau7826851.shtml
2022-06-11 22:36:12,603 - INFO    - url:https://finance.sina.com.cn/roll/2022-06-11/doc-imizirau7873525.shtml
2022-06-11 22:36:12,603 - INFO    - url:https://mil.news.sina.com.cn/2022-06-10/doc-imizirau7632460.shtml
2022-06-11 22:36:12,604 - INFO    - url:https://ent.sina.com.cn/music/zy/2022-06-07/doc-imizirau6982384.shtml
2022-06-11 22:36:12,606 - INFO    - url:https://finance.sina.com.cn/stock/usstock/c/2022-06-11/doc-imizirau7858364.shtml
2022-06-11 22:36:12,607 - INFO    - url:https://sports.sina.com.cn/l/2022-06-10/doc-imizirau7627689.shtml
2022-06-11 22:36:12,608 - INFO    - url:https://news.sina.com.cn/w/2022-06-11/doc-imizmscu6240242.shtml
2022-06-11 22:36:12,609 - INFO    - url:https://news.sina.com.cn/c/2022-06-11/doc-imizmscu6241727.shtml
2022-06-11 22:36:12,609 - INFO    - url:https://finance.sina.com.cn/tech/2022-06-11/doc-imizirau7854455.shtml
2022-06-11 22:36:12,609 - INFO    - url:https://finance.sina.com.cn/jjxw/2022-06-11/doc-imizirau7873037.shtml
2022-06-11 22:36:12,610 - INFO    - url:https://news.sina.com.cn/o/2022-06-11/doc-imizirau7793208.shtml
2022-06-11 22:36:12,611 - INFO    - url:https://finance.sina.com.cn/world/2022-06-11/doc-imizmscu6311188.shtml
2022-06-11 22:36:12,611 - INFO    - url:https://ent.sina.com.cn/jp/2022-06-06/doc-imizmscu5378598.shtml
2022-06-11 22:36:12,612 - INFO    - url:https://mil.news.sina.com.cn/2022-06-10/doc-imizirau7632446.shtml
2022-06-11 22:36:12,613 - INFO    - url:https://finance.sina.com.cn/hy/hyjz/2022-06-11/doc-imizirau7853281.shtml
2022-06-11 22:36:12,614 - INFO    - url:https://news.sina.com.cn/w/2022-06-11/doc-imizmscu6225836.shtml
2022-06-11 22:36:12,615 - INFO    - url:https://sports.sina.com.cn/l/2022-06-10/doc-imizirau7627432.shtml
2022-06-11 22:36:12,616 - INFO    - url:https://news.sina.com.cn/c/2022-06-11/doc-imizmscu6242227.shtml
2022-06-11 22:36:12,617 - INFO    - url:https://finance.sina.com.cn/tech/2022-06-11/doc-imizirau7850021.shtml
2022-06-11 22:36:12,618 - INFO    - url:https://finance.sina.com.cn/roll/2022-06-11/doc-imizirau7872259.shtml
2022-06-11 22:36:12,619 - INFO    - url:https://news.sina.com.cn/s/2022-06-11/doc-imizirau7791255.shtml
2022-06-11 22:36:12,619 - INFO    - url:https://ent.sina.com.cn/y/yneidi/2022-06-06/doc-imizmscu5363515.shtml
2022-06-11 22:36:12,619 - INFO    - url:https://finance.sina.com.cn/jjxw/2022-06-11/doc-imizirau7858572.shtml
2022-06-11 22:36:12,620 - INFO    - url:https://mil.news.sina.com.cn/2022-06-10/doc-imizirau7624779.shtml
2022-06-11 22:36:12,621 - INFO    - url:https://finance.sina.com.cn/roll/2022-06-11/doc-imizmscu6301255.shtml
2022-06-11 22:36:12,622 - INFO    - url:https://news.sina.com.cn/w/2022-06-11/doc-imizmscu6222781.shtml
2022-06-11 22:36:12,625 - INFO    - url:https://sports.sina.com.cn/others/ticao/2022-06-11/doc-imizirau7835517.shtml
2022-06-11 22:36:12,625 - INFO    - url:https://news.sina.com.cn/s/2022-06-11/doc-imizirau7785537.shtml
2022-06-11 22:36:12,625 - INFO    - url:https://news.sina.com.cn/o/2022-06-11/doc-imizirau7770142.shtml
2022-06-11 22:36:12,625 - INFO    - url:https://finance.sina.com.cn/roll/2022-06-11/doc-imizmscu6318152.shtml
2022-06-11 22:36:12,626 - INFO    - url:https://finance.sina.com.cn/tech/2022-06-11/doc-imizmscu6303329.shtml
2022-06-11 22:36:12,627 - INFO    - url:https://ent.sina.com.cn/tv/zy/2022-06-03/doc-imizmscu4927691.shtml
2022-06-11 22:36:12,627 - INFO    - url:https://finance.sina.com.cn/stock/usstock/c/2022-06-11/doc-imizirau7858364.shtml
2022-06-11 22:36:12,628 - INFO    - url:https://mil.news.sina.com.cn/2022-06-10/doc-imizmscu6108057.shtml
2022-06-11 22:36:12,631 - INFO    - url:https://finance.sina.com.cn/hy/hyjz/2022-06-11/doc-imizmscu6301701.shtml
2022-06-11 22:36:12,631 - INFO    - url:https://news.sina.com.cn/w/2022-06-11/doc-imizmscu6222774.shtml
2022-06-11 22:36:12,632 - INFO    - url:https://sports.sina.com.cn/l/2022-06-11/doc-imizmscu6285308.shtml
2022-06-11 22:36:12,633 - INFO    - url:https://news.sina.com.cn/o/2022-06-11/doc-imizmscu6240962.shtml
2022-06-11 22:36:12,634 - INFO    - url:https://news.sina.com.cn/c/2022-06-11/doc-imizirau7767274.shtml
2022-06-11 22:36:12,635 - INFO    - url:https://finance.sina.com.cn/tech/2022-06-11/doc-imizmscu6297388.shtml
2022-06-11 22:36:12,636 - INFO    - url:https://finance.sina.com.cn/jjxw/2022-06-11/doc-imizirau7870276.shtml
2022-06-11 22:36:12,636 - INFO    - url:https://ent.sina.com.cn/y/youmei/2022-06-03/doc-imizmscu4896991.shtml
2022-06-11 22:36:12,637 - INFO    - url:https://finance.sina.com.cn/stock/usstock/c/2022-06-11/doc-imizmscu6297691.shtml
2022-06-11 22:36:12,638 - INFO    - url:https://finance.sina.com.cn/hy/hyjz/2022-06-11/doc-imizirau7850204.shtml
2022-06-11 22:36:12,639 - INFO    - url:https://sports.sina.com.cn/l/2022-06-11/doc-imizmscu6285077.shtml
2022-06-11 22:36:12,640 - INFO    - url:https://news.sina.com.cn/s/2022-06-11/doc-imizmscu6237932.shtml
2022-06-11 22:36:12,640 - INFO    - url:https://news.sina.com.cn/w/2022-06-11/doc-imizirau7758503.shtml
2022-06-11 22:36:12,641 - INFO    - url:https://mil.news.sina.com.cn/2022-06-10/doc-imizirau7622077.shtml
2022-06-11 22:36:12,642 - INFO    - url:https://finance.sina.com.cn/tech/2022-06-11/doc-imizmscu6295978.shtml
2022-06-11 22:36:12,643 - INFO    - url:https://news.sina.com.cn/o/2022-06-11/doc-imizmscu6222440.shtml
2022-06-11 22:36:12,644 - INFO    - url:https://finance.sina.com.cn/roll/2022-06-11/doc-imizmscu6317181.shtml
2022-06-11 22:36:12,644 - INFO    - url:https://ent.sina.com.cn/m/f/2022-06-03/doc-imizirau6337901.shtml
2022-06-11 22:36:12,646 - INFO    - url:https://finance.sina.com.cn/jjxw/2022-06-11/doc-imizmscu6296531.shtml
2022-06-11 22:36:12,647 - INFO    - url:https://finance.sina.com.cn/hy/hyjz/2022-06-11/doc-imizmscu6299599.shtml
2022-06-11 22:36:12,647 - INFO    - url:https://sports.sina.com.cn/l/2022-06-11/doc-imizirau7831953.shtml
2022-06-11 22:36:12,649 - INFO    - url:https://news.sina.com.cn/s/2022-06-11/doc-imizirau7776247.shtml
2022-06-11 22:36:12,650 - INFO    - url:https://news.sina.com.cn/w/2022-06-11/doc-imizmscu6216300.shtml
2022-06-11 22:36:12,651 - INFO    - url:https://mil.news.sina.com.cn/2022-06-10/doc-imizmscu6105032.shtml
2022-06-11 22:36:12,652 - INFO    - url:https://news.sina.com.cn/c/2022-06-10/doc-imizirau7698346.shtml
2022-06-11 22:36:12,653 - INFO    - url:https://finance.sina.com.cn/china/2022-06-11/doc-imizmscu6316799.shtml
2022-06-11 22:36:12,653 - INFO    - url:https://finance.sina.com.cn/tech/2022-06-11/doc-imizmscu6295969.shtml
2022-06-11 22:36:12,655 - INFO    - url:https://ent.sina.com.cn/y/youmei/2022-06-02/doc-imizirau6221700.shtml
2022-06-11 22:36:12,655 - INFO    - url:https://finance.sina.com.cn/stock/usstock/c/2022-06-11/doc-imizmscu6286170.shtml
2022-06-11 22:36:12,656 - INFO    - url:https://finance.sina.com.cn/hy/hyjz/2022-06-11/doc-imizmscu6298429.shtml
2022-06-11 22:36:12,658 - INFO    - url:https://news.sina.com.cn/s/2022-06-11/doc-imizirau7773131.shtml
2022-06-11 22:36:12,658 - INFO    - url:https://sports.sina.com.cn/l/2022-06-11/doc-imizirau7832143.shtml
2022-06-11 22:36:12,658 - INFO    - url:https://news.sina.com.cn/w/2022-06-11/doc-imizmscu6213963.shtml
2022-06-11 22:36:12,659 - INFO    - url:https://mil.news.sina.com.cn/2022-06-10/doc-imizmscu6104927.shtml
2022-06-11 22:36:12,660 - INFO    - url:https://news.sina.com.cn/c/2022-06-10/doc-imizirau7688942.shtml
2022-06-11 22:36:12,661 - INFO    - url:https://finance.sina.com.cn/jjxw/2022-06-11/doc-imizmscu6315938.shtml
2022-06-11 22:36:12,662 - INFO    - url:https://finance.sina.com.cn/tech/2022-06-11/doc-imizmscu6297455.shtml
2022-06-11 22:36:12,663 - INFO    - url:https://ent.sina.com.cn/jp/2022-06-02/doc-imizirau6199315.shtml
2022-06-11 22:36:12,664 - INFO    - url:https://finance.sina.com.cn/stock/usstock/c/2022-06-11/doc-imizmscu6297691.shtml
2022-06-11 22:36:12,666 - INFO    - url:https://finance.sina.com.cn/stock/usstock/c/2022-06-11/doc-imizmscu6282441.shtml
2022-06-11 22:36:12,667 - INFO    - url:https://sports.sina.com.cn/l/2022-06-11/doc-imizirau7832088.shtml
2022-06-11 22:36:12,668 - INFO    - url:https://news.sina.com.cn/s/2022-06-11/doc-imizmscu6219808.shtml
2022-06-11 22:36:12,668 - INFO    - url:https://news.sina.com.cn/w/2022-06-10/doc-imizmscu6165253.shtml
2022-06-11 22:36:12,670 - INFO    - url:https://mil.news.sina.com.cn/world/2022-06-10/doc-imizirau7618813.shtml
2022-06-11 22:36:12,671 - INFO    - url:https://finance.sina.com.cn/7x24/2022-06-11/doc-imizirau7868276.shtml
2022-06-11 22:36:12,672 - INFO    - url:https://news.sina.com.cn/c/2022-06-10/doc-imizirau7680809.shtml
2022-06-11 22:36:12,673 - INFO    - url:https://finance.sina.com.cn/tech/2022-06-11/doc-imizirau7842834.shtml
2022-06-11 22:36:12,674 - INFO    - url:https://finance.sina.com.cn/hy/hyjz/2022-06-11/doc-imizirau7844757.shtml
2022-06-11 22:36:12,674 - INFO    - url:https://ent.sina.com.cn/jp/2022-06-01/doc-imizmscu4577836.shtml
2022-06-11 22:36:12,675 - INFO    - url:https://sports.sina.com.cn/l/2022-06-11/doc-imizmscu6284954.shtml
2022-06-11 22:36:12,677 - INFO    - url:https://mil.news.sina.com.cn/world/2022-06-10/doc-imizirau7616346.shtml
2022-06-11 22:36:12,677 - INFO    - url:https://news.sina.com.cn/s/2022-06-10/doc-imizmscu6176099.shtml
2022-06-11 22:36:12,678 - INFO    - url:https://news.sina.com.cn/w/2022-06-10/doc-imizirau7690623.shtml
2022-06-11 22:36:12,678 - INFO    - url:https://finance.sina.com.cn/roll/2022-06-11/doc-imizirau7823187.shtml
2022-06-11 22:36:12,678 - INFO    - url:https://finance.sina.com.cn/jjxw/2022-06-11/doc-imizirau7868099.shtml
2022-06-11 22:36:12,680 - INFO    - url:https://news.sina.com.cn/c/2022-06-10/doc-imizirau7680770.shtml
2022-06-11 22:36:12,682 - INFO    - url:https://finance.sina.com.cn/jjxw/2022-06-11/doc-imizmscu6296531.shtml
2022-06-11 22:36:12,683 - INFO    - url:https://finance.sina.com.cn/tech/2022-06-11/doc-imizmscu6288827.shtml
2022-06-11 22:36:12,685 - INFO    - url:https://ent.sina.com.cn/y/youmei/2022-06-01/doc-imizmscu4529395.shtml
2022-06-11 22:36:12,687 - INFO    - url:https://mil.news.sina.com.cn/dgby/2022-06-10/doc-imizirau7612079.shtml
2022-06-11 22:36:12,687 - INFO    - url:https://news.sina.com.cn/o/2022-06-10/doc-imizmscu6147609.shtml
2022-06-11 22:36:12,688 - INFO    - url:https://sports.sina.com.cn/l/2022-06-11/doc-imizirau7831828.shtml
2022-06-11 22:36:12,690 - INFO    - url:https://finance.sina.com.cn/roll/2022-06-11/doc-imizirau7821257.shtml
2022-06-11 22:36:12,691 - INFO    - url:https://news.sina.com.cn/w/2022-06-10/doc-imizirau7688538.shtml
2022-06-11 22:36:12,692 - INFO    - url:https://finance.sina.com.cn/china/gncj/2022-06-11/doc-imizirau7867456.shtml
2022-06-11 22:36:12,693 - INFO    - url:https://news.sina.com.cn/c/2022-06-11/doc-imizirau7660279.shtml
2022-06-11 22:36:12,694 - INFO    - url:https://finance.sina.com.cn/tech/2022-06-11/doc-imizmscu6283206.shtml
2022-06-11 22:36:12,697 - INFO    - url:https://finance.sina.com.cn/hy/hyjz/2022-06-11/doc-imizmscu6293456.shtml
2022-06-11 22:36:12,698 - INFO    - url:https://mil.news.sina.com.cn/world/2022-06-10/doc-imizirau7612065.shtml
2022-06-11 22:36:12,698 - INFO    - url:https://ent.sina.com.cn/y/yneidi/2022-05-31/doc-imizirau5811035.shtml
2022-06-11 22:36:12,701 - INFO    - url:https://news.sina.com.cn/s/2022-06-10/doc-imizmscu6144506.shtml
2022-06-11 22:36:12,703 - INFO    - url:https://sports.sina.com.cn/l/2022-06-11/doc-imizmscu6284842.shtml
2022-06-11 22:36:12,704 - INFO    - url:https://news.sina.com.cn/w/2022-06-10/doc-imizmscu6160948.shtml
2022-06-11 22:36:12,705 - INFO    - url:https://finance.sina.com.cn/stock/usstock/c/2022-06-11/doc-imizmscu6270513.shtml
2022-06-11 22:36:12,706 - INFO    - url:https://finance.sina.com.cn/china/gncj/2022-06-11/doc-imizmscu6314780.shtml
2022-06-11 22:36:12,709 - INFO    - url:https://finance.sina.com.cn/tech/2022-06-11/doc-imizirau7824741.shtml
2022-06-11 22:36:12,710 - INFO    - url:https://finance.sina.com.cn/hy/hyjz/2022-06-11/doc-imizirau7839207.shtml
2022-06-11 22:36:12,711 - INFO    - url:https://news.sina.com.cn/c/2022-06-10/doc-imizirau7699337.shtml
2022-06-11 22:36:12,712 - INFO    - url:https://ent.sina.com.cn/m/f/2022-05-31/doc-imizmscu4375191.shtml
2022-06-11 22:36:12,713 - INFO    - url:https://mil.news.sina.com.cn/dgby/2022-06-10/doc-imizirau7610784.shtml
2022-06-11 22:36:12,714 - INFO    - url:https://news.sina.com.cn/s/2022-06-10/doc-imizirau7627138.shtml
2022-06-11 22:36:12,715 - INFO    - url:https://news.sina.com.cn/w/2022-06-10/doc-imizmscu6149168.shtml
2022-06-11 22:36:12,717 - INFO    - url:https://sports.sina.com.cn/l/2022-06-11/doc-imizmscu6284759.shtml
2022-06-11 22:36:12,718 - INFO    - url:https://finance.sina.com.cn/china/gncj/2022-06-11/doc-imizirau7866679.shtml
2022-06-11 22:36:12,720 - INFO    - url:https://finance.sina.com.cn/stock/usstock/c/2022-06-11/doc-imizirau7815594.shtml
2022-06-11 22:36:12,722 - INFO    - url:https://finance.sina.com.cn/hy/hyjz/2022-06-11/doc-imizirau7833340.shtml
2022-06-11 22:36:12,723 - INFO    - url:https://finance.sina.com.cn/tech/2022-06-11/doc-imizirau7818842.shtml
2022-06-11 22:36:12,724 - INFO    - url:https://news.sina.com.cn/c/2022-06-10/doc-imizirau7646112.shtml
2022-06-11 22:36:12,727 - INFO    - url:https://mil.news.sina.com.cn/2022-06-10/doc-imizirau7605384.shtml
2022-06-11 22:36:12,727 - INFO    - url:https://ent.sina.com.cn/j/wudao/2022-05-31/doc-imizirau5807813.shtml
2022-06-11 22:36:12,728 - INFO    - url:https://news.sina.com.cn/w/2022-06-10/doc-imizmscu6144795.shtml
2022-06-11 22:36:12,728 - INFO    - url:https://news.sina.com.cn/s/2022-06-10/doc-imizirau7604806.shtml
2022-06-11 22:36:12,729 - INFO    - url:https://finance.sina.com.cn/roll/2022-06-11/doc-imizmscu6314204.shtml
2022-06-11 22:36:12,729 - INFO    - url:https://sports.sina.com.cn/l/2022-06-11/doc-imizirau7831647.shtml
2022-06-11 22:36:12,730 - INFO    - url:https://finance.sina.com.cn/stock/usstock/c/2022-06-11/doc-imizirau7813342.shtml
2022-06-11 22:36:12,734 - INFO    - url:https://finance.sina.com.cn/stock/usstock/c/2022-06-11/doc-imizmscu6286170.shtml
2022-06-11 22:36:12,735 - INFO    - url:https://news.sina.com.cn/c/2022-06-10/doc-imizmscu6110740.shtml
2022-06-11 22:36:12,735 - INFO    - url:https://finance.sina.com.cn/tech/2022-06-11/doc-imizirau7825136.shtml
2022-06-11 22:36:12,737 - INFO    - url:https://mil.news.sina.com.cn/2022-06-10/doc-imizirau7605211.shtml
2022-06-11 22:36:12,739 - INFO    - url:https://ent.sina.com.cn/tv/zy/2022-05-30/doc-imizirau5619740.shtml
2022-06-11 22:36:12,741 - INFO    - url:https://news.sina.com.cn/w/2022-06-10/doc-imizmscu6137013.shtml
2022-06-11 22:36:12,742 - INFO    - url:https://news.sina.com.cn/s/2022-06-10/doc-imizmscu6036747.shtml
2022-06-11 22:36:12,743 - INFO    - url:https://sports.sina.com.cn/l/2022-06-11/doc-imizirau7831364.shtml
2022-06-11 22:36:12,743 - INFO    - url:https://finance.sina.com.cn/roll/2022-06-11/doc-imizirau7866678.shtml
2022-06-11 22:36:12,747 - INFO    - url:https://finance.sina.com.cn/tech/2022-06-11/doc-imizirau7813052.shtml
2022-06-11 22:36:12,747 - INFO    - url:https://mil.news.sina.com.cn/2022-06-10/doc-imizmscu6090830.shtml
2022-06-11 22:36:12,748 - INFO    - url:https://finance.sina.com.cn/hy/hyjz/2022-06-11/doc-imizirau7832613.shtml
2022-06-11 22:36:12,749 - INFO    - url:https://news.sina.com.cn/c/2022-06-10/doc-imizirau7623807.shtml
2022-06-11 22:36:12,749 - INFO    - url:https://finance.sina.com.cn/roll/2022-06-11/doc-imizmscu6267464.shtml
2022-06-11 22:36:12,751 - INFO    - url:https://ent.sina.com.cn/m/c/2022-05-30/doc-imizmscu4168749.shtml
2022-06-11 22:36:12,751 - INFO    - url:https://news.sina.com.cn/w/2022-06-10/doc-imizmscu6126553.shtml
2022-06-11 22:36:12,755 - INFO    - url:https://finance.sina.com.cn/china/2022-06-11/doc-imizirau7866672.shtml
2022-06-11 22:36:12,756 - INFO    - url:https://news.sina.com.cn/s/2022-06-09/doc-imizmscu5989624.shtml
2022-06-11 22:36:12,756 - INFO    - url:https://sports.sina.com.cn/l/2022-06-11/doc-imizmscu6284428.shtml
2022-06-11 22:36:12,757 - INFO    - url:http://finance.sina.com.cn/tech/csj/2022-06-11/doc-imizmscu6264348.shtml
2022-06-11 22:36:12,758 - INFO    - url:https://finance.sina.com.cn/meeting/2022-06-11/doc-imizirau7832972.shtml
2022-06-11 22:36:12,758 - INFO    - url:https://mil.news.sina.com.cn/china/2022-06-10/doc-imizmscu6091927.shtml
2022-06-11 22:36:12,759 - INFO    - url:https://finance.sina.com.cn/stock/usstock/c/2022-06-11/doc-imizmscu6265172.shtml
2022-06-11 22:36:12,760 - INFO    - url:https://news.sina.com.cn/c/2022-06-10/doc-imizirau7621570.shtml
2022-06-11 22:36:12,761 - INFO    - url:https://ent.sina.com.cn/s/m/2022-05-30/doc-imizirau5523605.shtml
2022-06-11 22:36:12,762 - INFO    - url:https://news.sina.com.cn/w/2022-06-10/doc-imizirau7614386.shtml
2022-06-11 22:36:12,763 - INFO    - url:https://news.sina.com.cn/o/2022-06-09/doc-imizmscu5987428.shtml
2022-06-11 22:36:12,763 - INFO    - url:https://finance.sina.com.cn/china/gncj/2022-06-11/doc-imizmscu6313995.shtml
2022-06-11 22:36:12,765 - INFO    - url:https://finance.sina.com.cn/tech/2022-06-11/doc-imizirau7814418.shtml
2022-06-11 22:36:12,766 - INFO    - url:https://finance.sina.com.cn/stock/usstock/c/2022-06-11/doc-imizmscu6282441.shtml
2022-06-11 22:36:12,767 - INFO    - url:https://sports.sina.com.cn/l/2022-06-11/doc-imizirau7831211.shtml
2022-06-11 22:36:12,767 - INFO    - url:https://mil.news.sina.com.cn/dgby/2022-06-10/doc-imizirau7605257.shtml
2022-06-11 22:36:12,768 - INFO    - url:https://finance.sina.com.cn/stock/usstock/c/2022-06-11/doc-imizirau7801923.shtml
2022-06-11 22:36:12,769 - INFO    - url:https://news.sina.com.cn/o/2022-06-10/doc-imizmscu6101313.shtml
2022-06-11 22:36:12,772 - INFO    - url:https://news.sina.com.cn/s/2022-06-09/doc-imizirau7457874.shtml
2022-06-11 22:36:12,772 - INFO    - url:https://ent.sina.com.cn/m/c/2022-05-28/doc-imizirau5315546.shtml
2022-06-11 22:36:12,773 - INFO    - url:https://finance.sina.com.cn/tech/2022-06-11/doc-imizirau7807770.shtml
2022-06-11 22:36:12,775 - INFO    - url:https://finance.sina.com.cn/china/gncj/2022-06-11/doc-imizirau7865992.shtml
2022-06-11 22:36:12,775 - INFO    - url:https://news.sina.com.cn/w/2022-06-10/doc-imizmscu6085755.shtml
2022-06-11 22:36:12,776 - INFO    - url:https://sports.sina.com.cn/l/2022-06-11/doc-imizmscu6284312.shtml
2022-06-11 22:36:12,777 - INFO    - url:https://finance.sina.com.cn/stock/roll/2022-06-11/doc-imizirau7829024.shtml
2022-06-11 22:36:12,778 - INFO    - url:https://mil.news.sina.com.cn/dgby/2022-06-10/doc-imizmscu6091920.shtml
2022-06-11 22:36:12,780 - INFO    - url:https://news.sina.com.cn/c/2022-06-10/doc-imizmscu6100078.shtml
2022-06-11 22:36:12,780 - INFO    - url:https://news.sina.com.cn/s/2022-06-09/doc-imizmscu5961177.shtml
2022-06-11 22:36:12,781 - INFO    - url:https://finance.sina.com.cn/roll/2022-06-11/doc-imizmscu6256297.shtml
2022-06-11 22:36:12,782 - INFO    - url:https://ent.sina.com.cn/v/m/2022-05-28/doc-imizirau5285292.shtml
2022-06-11 22:36:12,785 - INFO    - url:https://finance.sina.com.cn/china/2022-06-11/doc-imizmscu6313423.shtml
2022-06-11 22:36:12,786 - INFO    - url:https://finance.sina.com.cn/hy/hyjz/2022-06-11/doc-imizmscu6281436.shtml
2022-06-11 22:36:12,787 - INFO    - url:https://news.sina.com.cn/w/2022-06-10/doc-imizirau7588518.shtml
2022-06-11 22:36:12,787 - INFO    - url:https://sports.sina.com.cn/l/2022-06-11/doc-imizirau7831076.shtml
2022-06-11 22:36:12,787 - INFO    - url:https://finance.sina.com.cn/tech/2022-06-11/doc-imizirau7803140.shtml
2022-06-11 22:36:12,788 - INFO    - url:https://mil.news.sina.com.cn/world/2022-06-10/doc-imizirau7605312.shtml
2022-06-11 22:36:12,790 - INFO    - url:https://news.sina.com.cn/c/2022-06-10/doc-imizirau7614959.shtml
2022-06-11 22:36:12,791 - INFO    - url:https://ent.sina.com.cn/v/m/2022-05-27/doc-imizirau5145696.shtml
2022-06-11 22:36:12,791 - INFO    - url:https://news.sina.com.cn/s/2022-06-09/doc-imizmscu5957008.shtml
2022-06-11 22:36:12,792 - INFO    - url:https://finance.sina.com.cn/stock/usstock/c/2022-06-11/doc-imizirau7797470.shtml
2022-06-11 22:36:12,793 - INFO    - url:https://finance.sina.com.cn/china/gncj/2022-06-11/doc-imizirau7865124.shtml
2022-06-11 22:36:12,796 - INFO    - url:https://mil.news.sina.com.cn/2022-06-10/doc-imizmscu6089481.shtml
2022-06-11 22:36:12,796 - INFO    - url:https://news.sina.com.cn/o/2022-06-10/doc-imizmscu6076437.shtml
2022-06-11 22:36:12,796 - INFO    - url:https://finance.sina.com.cn/meeting/2022-06-11/doc-imizirau7830303.shtml
2022-06-11 22:36:12,797 - INFO    - url:https://sports.sina.com.cn/l/2022-06-11/doc-imizirau7831020.shtml
2022-06-11 22:36:12,798 - INFO    - url:https://finance.sina.com.cn/tech/2022-06-11/doc-imizmscu6267988.shtml
2022-06-11 22:36:12,798 - INFO    - url:https://news.sina.com.cn/c/2022-06-10/doc-imizmscu6097175.shtml
2022-06-11 22:36:12,800 - INFO    - url:https://ent.sina.com.cn/v/m/2022-05-27/doc-imizirau5142773.shtml
2022-06-11 22:36:12,801 - INFO    - url:https://news.sina.com.cn/s/2022-06-09/doc-imizirau7442224.shtml
2022-06-11 22:36:12,801 - INFO    - url:https://finance.sina.com.cn/roll/2022-06-11/doc-imizmscu6255715.shtml
2022-06-11 22:36:12,804 - INFO    - url:https://finance.sina.com.cn/stock/usstock/c/2022-06-11/doc-imizmscu6313051.shtml
2022-06-11 22:36:12,805 - INFO    - url:https://mil.news.sina.com.cn/2022-06-10/doc-imizirau7602294.shtml
2022-06-11 22:36:12,808 - INFO    - url:https://sports.sina.com.cn/l/2022-06-11/doc-imizirau7830966.shtml
2022-06-11 22:36:12,809 - INFO    - url:https://news.sina.com.cn/w/2022-06-10/doc-imizmscu6073477.shtml
2022-06-11 22:36:12,810 - INFO    - url:https://finance.sina.com.cn/money/smjj/smdt/2022-06-11/doc-imizirau7830818.shtml
2022-06-11 22:36:12,812 - INFO    - url:https://finance.sina.com.cn/tech/2022-06-11/doc-imizirau7805652.shtml
2022-06-11 22:36:12,814 - INFO    - url:https://news.sina.com.cn/c/2022-06-10/doc-imizmscu6095163.shtml
2022-06-11 22:36:12,815 - INFO    - url:https://news.sina.com.cn/s/2022-06-09/doc-imizirau7433141.shtml
2022-06-11 22:36:12,816 - INFO    - url:https://ent.sina.com.cn/v/m/2022-05-27/doc-imizirau5138862.shtml
2022-06-11 22:36:12,816 - INFO    - url:https://finance.sina.com.cn/china/2022-06-11/doc-imizmscu6312486.shtml
2022-06-11 22:36:12,819 - INFO    - url:https://finance.sina.com.cn/stock/hkstock/hkstocknews/2022-06-11/doc-imizirau7799272.shtml
2022-06-11 22:36:12,821 - INFO    - url:https://mil.news.sina.com.cn/2022-06-10/doc-imizirau7602284.shtml
2022-06-11 22:36:12,822 - INFO    - url:https://finance.sina.com.cn/stock/relnews/hk/2022-06-11/doc-imizirau7827148.shtml
2022-06-11 22:36:12,822 - INFO    - url:https://sports.sina.com.cn/l/2022-06-11/doc-imizmscu6284004.shtml
2022-06-11 22:36:12,823 - INFO    - url:https://finance.sina.com.cn/tech/2022-06-11/doc-imizirau7805748.shtml
2022-06-11 22:36:12,824 - INFO    - url:https://news.sina.com.cn/o/2022-06-10/doc-imizmscu6094246.shtml
2022-06-11 22:36:12,825 - INFO    - url:https://news.sina.com.cn/s/2022-06-09/doc-imizirau7440569.shtml
2022-06-11 22:36:12,825 - INFO    - url:https://news.sina.com.cn/w/2022-06-10/doc-imizmscu6051748.shtml
2022-06-11 22:36:12,826 - INFO    - url:https://ent.sina.com.cn/tv/zy/2022-05-27/doc-imizirau5125221.shtml
2022-06-11 22:36:12,829 - INFO    - url:https://finance.sina.com.cn/roll/2022-06-11/doc-imizirau7863622.shtml
2022-06-11 22:36:12,831 - INFO    - url:https://finance.sina.com.cn/chanjing/gsnews/2022-06-11/doc-imizirau7789256.shtml
2022-06-11 22:36:12,833 - INFO    - url:https://mil.news.sina.com.cn/2022-06-10/doc-imizirau7601254.shtml
2022-06-11 22:36:12,836 - INFO    - url:https://finance.sina.com.cn/tech/2022-06-11/doc-imizmscu6255256.shtml
2022-06-11 22:36:12,837 - INFO    - url:https://sports.sina.com.cn/l/2022-06-11/doc-imizmscu6283629.shtml
2022-06-11 22:36:12,838 - INFO    - url:https://finance.sina.com.cn/roll/2022-06-11/doc-imizirau7826821.shtml
2022-06-11 22:36:12,840 - INFO    - url:https://news.sina.com.cn/c/2022-06-10/doc-imizirau7601506.shtml
2022-06-11 22:36:12,840 - INFO    - url:https://news.sina.com.cn/o/2022-06-09/doc-imizmscu5947711.shtml
2022-06-11 22:36:12,841 - INFO    - url:https://news.sina.com.cn/w/2022-06-10/doc-imizmscu6037559.shtml
2022-06-11 22:36:12,842 - INFO    - url:https://ent.sina.com.cn/m/c/2022-05-27/doc-imizmscu3657702.shtml
2022-06-11 22:36:12,844 - INFO    - url:https://finance.sina.com.cn/china/gncj/2022-06-11/doc-imizirau7863580.shtml
2022-06-11 22:36:12,846 - INFO    - url:https://mil.news.sina.com.cn/world/2022-06-10/doc-imizirau7598813.shtml
2022-06-11 22:36:12,848 - INFO    - url:https://finance.sina.com.cn/stock/usstock/c/2022-06-11/doc-imizmscu6247671.shtml
2022-06-11 22:36:12,850 - INFO    - url:https://sports.sina.com.cn/golf/asiantour/2022-06-11/doc-imizmscu6282212.shtml
2022-06-11 22:36:12,851 - INFO    - url:http://finance.sina.com.cn/tech/csj/2022-06-11/doc-imizirau7794903.shtml
2022-06-11 22:36:12,851 - INFO    - url:https://news.sina.com.cn/c/2022-06-10/doc-imizmscu6069171.shtml
2022-06-11 22:36:12,852 - INFO    - url:https://finance.sina.com.cn/china/gncj/2022-06-11/doc-imizmscu6280123.shtml
2022-06-11 22:36:12,854 - INFO    - url:https://news.sina.com.cn/s/2022-06-09/doc-imizmscu5944714.shtml
2022-06-11 22:36:12,856 - INFO    - url:https://news.sina.com.cn/w/2022-06-10/doc-imizmscu6034955.shtml
2022-06-11 22:36:12,856 - INFO    - url:https://ent.sina.com.cn/y/youmei/2022-05-27/doc-imizirau5064868.shtml
2022-06-11 22:36:12,858 - INFO    - url:https://finance.sina.com.cn/world/2022-06-11/doc-imizmscu6311188.shtml
2022-06-11 22:36:12,859 - INFO    - url:https://mil.news.sina.com.cn/2022-06-10/doc-imizirau7597228.shtml
2022-06-11 22:36:12,862 - INFO    - url:https://finance.sina.com.cn/hy/hyjz/2022-06-11/doc-imizmscu6279093.shtml
2022-06-11 22:36:12,864 - INFO    - url:https://finance.sina.com.cn/tech/2022-06-11/doc-imizmscu6253880.shtml
2022-06-11 22:36:12,866 - INFO    - url:https://sports.sina.com.cn/tennis/other/2022-06-11/doc-imizmscu6279355.shtml
2022-06-11 22:36:12,867 - INFO    - url:https://news.sina.com.cn/c/2022-06-10/doc-imizmscu6067917.shtml
2022-06-11 22:36:12,869 - INFO    - url:https://ent.sina.com.cn/jp/2022-05-26/doc-imizirau4926771.shtml
2022-06-11 22:36:12,870 - INFO    - url:https://news.sina.com.cn/w/2022-06-10/doc-imizmscu6034360.shtml
2022-06-11 22:36:12,871 - INFO    - url:https://news.sina.com.cn/s/2022-06-09/doc-imizirau7414187.shtml
2022-06-11 22:36:12,874 - INFO    - url:https://finance.sina.com.cn/roll/2022-06-11/doc-imizirau7863182.shtml
2022-06-11 22:36:12,877 - INFO    - url:https://finance.sina.com.cn/roll/2022-06-11/doc-imizirau7823187.shtml
2022-06-11 22:36:12,878 - INFO    - url:https://mil.news.sina.com.cn/china/2022-06-10/doc-imizirau7598657.shtml
2022-06-11 22:36:12,879 - INFO    - url:https://finance.sina.com.cn/stock/usstock/c/2022-06-11/doc-imizmscu6247173.shtml
2022-06-11 22:36:12,880 - INFO    - url:https://finance.sina.com.cn/tech/2022-06-11/doc-imizirau7791941.shtml
2022-06-11 22:36:12,884 - INFO    - url:https://ent.sina.com.cn/jp/2022-05-26/doc-imizmscu3497828.shtml
2022-06-11 22:36:12,884 - INFO    - url:https://sports.sina.com.cn/china/j/2022-06-11/doc-imizirau7820895.shtml
2022-06-11 22:36:12,885 - INFO    - url:https://news.sina.com.cn/o/2022-06-10/doc-imizmscu6065472.shtml
2022-06-11 22:36:12,887 - INFO    - url:https://news.sina.com.cn/s/2022-06-09/doc-imizirau7408789.shtml
2022-06-11 22:36:12,889 - INFO    - url:https://news.sina.com.cn/w/2022-06-10/doc-imizirau7536666.shtml
2022-06-11 22:36:12,890 - INFO    - url:https://finance.sina.com.cn/china/2022-06-11/doc-imizirau7862069.shtml
2022-06-11 22:36:12,891 - INFO    - url:https://mil.news.sina.com.cn/2022-06-10/doc-imizirau7594909.shtml
2022-06-11 22:36:12,893 - INFO    - url:https://finance.sina.com.cn/jjxw/2022-06-11/doc-imizmscu6276530.shtml
2022-06-11 22:36:12,895 - INFO    - url:https://finance.sina.com.cn/world/2022-06-11/doc-imizirau7786906.shtml
2022-06-11 22:36:12,895 - INFO    - url:https://finance.sina.com.cn/tech/2022-06-11/doc-imizirau7789635.shtml
2022-06-11 22:36:12,898 - INFO    - url:https://ent.sina.com.cn/m/c/2022-05-26/doc-imizmscu3496056.shtml
2022-06-11 22:36:12,900 - INFO    - url:https://news.sina.com.cn/c/2022-06-10/doc-imizmscu6063561.shtml
2022-06-11 22:36:12,900 - INFO    - url:https://sports.sina.com.cn/l/2022-06-11/doc-imizirau7814841.shtml
2022-06-11 22:36:12,901 - INFO    - url:https://news.sina.com.cn/s/2022-06-09/doc-imizirau7405906.shtml
2022-06-11 22:36:12,901 - INFO    - url:https://news.sina.com.cn/w/2022-06-09/doc-imizirau7462228.shtml
2022-06-11 22:36:12,904 - INFO    - url:https://finance.sina.com.cn/china/2022-06-11/doc-imizirau7862598.shtml
2022-06-11 22:36:12,905 - INFO    - url:https://finance.sina.com.cn/hy/hyjz/2022-06-11/doc-imizmscu6276901.shtml
2022-06-11 22:36:12,906 - INFO    - url:https://finance.sina.com.cn/stock/hkstock/hkstocknews/2022-06-11/doc-imizmscu6246545.shtml
2022-06-11 22:36:12,907 - INFO    - url:https://mil.news.sina.com.cn/2022-06-10/doc-imizirau7594841.shtml
2022-06-11 22:36:12,908 - INFO    - url:https://ent.sina.com.cn/m/c/2022-05-26/doc-imizmscu3344452.shtml
2022-06-11 22:36:12,909 - INFO    - url:https://finance.sina.com.cn/tech/2022-06-11/doc-imizmscu6247985.shtml
2022-06-11 22:36:12,910 - INFO    - url:https://sports.sina.com.cn/l/2022-06-11/doc-imizirau7814674.shtml
2022-06-11 22:36:12,911 - INFO    - url:https://news.sina.com.cn/c/2022-06-10/doc-imizmscu6062230.shtml
2022-06-11 22:36:12,912 - INFO    - url:https://ent.sina.com.cn/y/youmei/2022-05-25/doc-imizirau4721118.shtml
2022-06-11 22:36:12,918 - INFO    - url:https://news.sina.com.cn/w/2022-06-09/doc-imizmscu5971913.shtml
2022-06-11 22:36:12,919 - INFO    - url:https://news.sina.com.cn/o/2022-06-09/doc-imizirau7400827.shtml
2022-06-11 22:36:12,920 - INFO    - url:https://finance.sina.com.cn/jjxw/2022-06-11/doc-imizmscu6309914.shtml
2022-06-11 22:36:12,922 - INFO    - url:https://finance.sina.com.cn/jjxw/2022-06-11/doc-imizmscu6275859.shtml
2022-06-11 22:36:12,924 - INFO    - url:https://finance.sina.com.cn/world/gjcj/2022-06-11/doc-imizmscu6245386.shtml
2022-06-11 22:36:12,926 - INFO    - url:https://mil.news.sina.com.cn/2022-06-10/doc-imizmscu6081411.shtml
2022-06-11 22:36:12,927 - INFO    - url:https://sports.sina.com.cn/l/2022-06-11/doc-imizmscu6269673.shtml
2022-06-11 22:36:12,928 - INFO    - url:https://finance.sina.com.cn/tech/2022-06-11/doc-imizirau7788740.shtml
2022-06-11 22:36:12,929 - INFO    - url:https://news.sina.com.cn/c/2022-06-10/doc-imizmscu6058216.shtml
2022-06-11 22:36:12,929 - INFO    - url:https://news.sina.com.cn/w/2022-06-09/doc-imizmscu5991698.shtml
2022-06-11 22:36:12,930 - INFO    - url:https://ent.sina.com.cn/v/m/2022-05-25/doc-imizirau4716449.shtml
2022-06-11 22:36:12,933 - INFO    - url:https://news.sina.com.cn/s/2022-06-09/doc-imizirau7389219.shtml
2022-06-11 22:36:12,934 - INFO    - url:https://finance.sina.com.cn/china/gncj/2022-06-11/doc-imizmscu6309709.shtml
2022-06-11 22:36:12,934 - INFO    - url:https://finance.sina.com.cn/stock/relnews/cn/2022-06-11/doc-imizmscu6276855.shtml
2022-06-11 22:36:12,938 - INFO    - url:https://mil.news.sina.com.cn/2022-06-10/doc-imizirau7591720.shtml
2022-06-11 22:36:12,939 - INFO    - url:https://finance.sina.com.cn/world/gjcj/2022-06-11/doc-imizirau7785346.shtml
2022-06-11 22:36:12,939 - INFO    - url:https://sports.sina.com.cn/chess/weiqi/2022-06-11/doc-imizmscu6265335.shtml
2022-06-11 22:36:12,940 - INFO    - url:https://finance.sina.com.cn/tech/2022-06-11/doc-imizmscu6247575.shtml
2022-06-11 22:36:12,941 - INFO    - url:https://news.sina.com.cn/c/2022-06-10/doc-imizirau7564606.shtml
2022-06-11 22:36:12,942 - INFO    - url:https://news.sina.com.cn/w/2022-06-09/doc-imizirau7440139.shtml
2022-06-11 22:36:12,944 - INFO    - url:https://news.sina.com.cn/s/2022-06-09/doc-imizirau7371751.shtml
2022-06-11 22:36:12,946 - INFO    - url:https://ent.sina.com.cn/jp/2022-05-25/doc-imizirau4714200.shtml
2022-06-11 22:36:12,946 - INFO    - url:https://finance.sina.com.cn/jjxw/2022-06-11/doc-imizirau7861382.shtml
2022-06-11 22:36:12,948 - INFO    - url:https://finance.sina.com.cn/roll/2022-06-11/doc-imizirau7821257.shtml
2022-06-11 22:36:12,949 - INFO    - url:https://finance.sina.com.cn/wm/2022-06-11/doc-imizirau7783035.shtml
2022-06-11 22:36:12,950 - INFO    - url:https://sports.sina.com.cn/chess/weiqi/2022-06-11/doc-imizmscu6264941.shtml
2022-06-11 22:36:12,951 - INFO    - url:https://mil.news.sina.com.cn/2022-06-10/doc-imizirau7591065.shtml
2022-06-11 22:36:12,952 - INFO    - url:https://finance.sina.com.cn/tech/2022-06-11/doc-imizirau7787277.shtml
2022-06-11 22:36:12,955 - INFO    - url:https://news.sina.com.cn/c/2022-06-10/doc-imizmscu6053119.shtml
2022-06-11 22:36:12,957 - INFO    - url:https://news.sina.com.cn/w/2022-06-10/doc-imizmscu6123022.shtml
2022-06-11 22:36:12,957 - INFO    - url:https://finance.sina.com.cn/china/2022-06-11/doc-imizirau7861203.shtml
2022-06-11 22:36:12,957 - INFO    - url:https://ent.sina.com.cn/y/youmei/2022-05-25/doc-imizirau4684737.shtml
2022-06-11 22:36:12,959 - INFO    - url:https://finance.sina.com.cn/meeting/2022-06-11/doc-imizmscu6275689.shtml
2022-06-11 22:36:12,960 - INFO    - url:https://finance.sina.com.cn/jjxw/2022-06-11/doc-imizmscu6241490.shtml
2022-06-11 22:36:12,961 - INFO    - url:https://news.sina.com.cn/s/2022-06-09/doc-imizirau7367095.shtml
2022-06-11 22:36:12,961 - INFO    - url:https://sports.sina.com.cn/chess/weiqi/2022-06-11/doc-imizirau7808621.shtml
2022-06-11 22:36:12,962 - INFO    - url:https://mil.news.sina.com.cn/2022-06-10/doc-imizmscu6077045.shtml
2022-06-11 22:36:12,967 - INFO    - url:http://finance.sina.com.cn/tech/csj/2022-06-11/doc-imizmscu6239795.shtml
2022-06-11 22:36:12,968 - INFO    - url:https://news.sina.com.cn/zx/2022-06-10/doc-imizirau7560676.shtml
2022-06-11 22:36:12,969 - INFO    - url:https://news.sina.com.cn/w/2022-06-09/doc-imizirau7423447.shtml
2022-06-11 22:36:12,973 - INFO    - url:https://finance.sina.com.cn/stock/quanshang/qsyj/2022-06-11/doc-imizmscu6274642.shtml
2022-06-11 22:36:12,973 - INFO    - url:https://finance.sina.com.cn/jjxw/2022-06-11/doc-imizmscu6309659.shtml
2022-06-11 22:36:12,975 - INFO    - url:https://ent.sina.com.cn/v/u/2022-05-25/doc-imizmscu3279571.shtml
2022-06-11 22:36:12,976 - INFO    - url:https://finance.sina.com.cn/jjxw/2022-06-11/doc-imizirau7780689.shtml
2022-06-11 22:36:12,980 - INFO    - url:https://sports.sina.com.cn/g/laliga/2022-06-11/doc-imizmscu6264312.shtml
2022-06-11 22:36:12,981 - INFO    - url:https://mil.news.sina.com.cn/china/2022-06-10/doc-imizmscu6075714.shtml
2022-06-11 22:36:12,981 - INFO    - url:http://finance.sina.com.cn/tech/csj/2022-06-11/doc-imizmscu6237190.shtml
2022-06-11 22:36:12,982 - INFO    - url:https://news.sina.com.cn/s/2022-06-09/doc-imizirau7361783.shtml
2022-06-11 22:36:12,983 - INFO    - url:https://news.sina.com.cn/zx/2022-06-10/doc-imizmscu6049431.shtml
2022-06-11 22:36:12,986 - INFO    - url:https://finance.sina.com.cn/roll/2022-06-11/doc-imizirau7820607.shtml
2022-06-11 22:36:12,988 - INFO    - url:https://ent.sina.com.cn/v/m/2022-05-25/doc-imizirau4674083.shtml
2022-06-11 22:36:12,989 - INFO    - url:https://news.sina.com.cn/w/2022-06-09/doc-imizmscu5931220.shtml
2022-06-11 22:36:12,990 - INFO    - url:https://finance.sina.com.cn/roll/2022-06-11/doc-imizmscu6308679.shtml
2022-06-11 22:36:12,993 - INFO    - url:https://finance.sina.com.cn/stock/usstock/c/2022-06-11/doc-imizirau7781093.shtml
2022-06-11 22:36:12,994 - INFO    - url:https://sports.sina.com.cn/l/2022-02-17/doc-ikyakumy6362813.shtml
2022-06-11 22:36:12,996 - INFO    - url:https://finance.sina.com.cn/tech/2022-06-11/doc-imizirau7770197.shtml
2022-06-11 22:36:12,996 - INFO    - url:https://news.sina.com.cn/s/2022-06-09/doc-imizirau7360244.shtml
2022-06-11 22:36:12,997 - INFO    - url:https://news.sina.com.cn/o/2022-06-10/doc-imizirau7549512.shtml
2022-06-11 22:36:12,997 - INFO    - url:https://finance.sina.com.cn/hy/hyjz/2022-06-11/doc-imizirau7817859.shtml
2022-06-11 22:36:13,000 - INFO    - url:https://mil.news.sina.com.cn/2022-06-10/doc-imizmscu6073281.shtml
2022-06-11 22:36:13,001 - INFO    - url:https://ent.sina.com.cn/y/yneidi/2022-05-24/doc-imizirau4541183.shtml
2022-06-11 22:36:13,001 - INFO    - url:https://news.sina.com.cn/w/2022-06-09/doc-imizirau7406762.shtml
2022-06-11 22:36:13,004 - INFO    - url:https://finance.sina.com.cn/world/2022-06-11/doc-imizmscu6240566.shtml
2022-06-11 22:36:13,005 - INFO    - url:https://sports.sina.com.cn/golf/pgatour/2022-06-11/doc-imizirau7803189.shtml
2022-06-11 22:36:13,006 - INFO    - url:https://finance.sina.com.cn/china/gncj/2022-06-11/doc-imizmscu6308531.shtml
2022-06-11 22:36:13,007 - INFO    - url:https://finance.sina.com.cn/tech/2022-06-11/doc-imizirau7764716.shtml
2022-06-11 22:36:13,008 - INFO    - url:https://news.sina.com.cn/s/2022-06-09/doc-imizmscu5864659.shtml
2022-06-11 22:36:13,010 - INFO    - url:https://mil.news.sina.com.cn/world/2022-06-10/doc-imizirau7579456.shtml
2022-06-11 22:36:13,011 - INFO    - url:https://news.sina.com.cn/c/2022-06-10/doc-imizmscu6043457.shtml
2022-06-11 22:36:13,013 - INFO    - url:https://finance.sina.com.cn/stock/roll/2022-06-11/doc-imizirau7819570.shtml
2022-06-11 22:36:13,014 - INFO    - url:https://ent.sina.com.cn/m/c/2022-05-23/doc-imizmscu2838651.shtml
2022-06-11 22:36:13,016 - INFO    - url:https://finance.sina.com.cn/roll/2022-06-11/doc-imizmscu6239476.shtml
2022-06-11 22:36:13,018 - INFO    - url:https://finance.sina.com.cn/jjxw/2022-06-11/doc-imizmscu6307843.shtml
2022-06-11 22:36:13,019 - INFO    - url:https://sports.sina.com.cn/golf/pgatour/2022-06-11/doc-imizmscu6259327.shtml
2022-06-11 22:36:13,020 - INFO    - url:https://news.sina.com.cn/w/2022-06-09/doc-imizirau7404956.shtml
2022-06-11 22:36:13,020 - INFO    - url:https://finance.sina.com.cn/stock/usstock/c/2022-06-11/doc-imizmscu6270513.shtml
2022-06-11 22:36:13,021 - INFO    - url:https://mil.news.sina.com.cn/dgby/2022-06-10/doc-imizmscu6072426.shtml
2022-06-11 22:36:13,021 - INFO    - url:http://finance.sina.com.cn/tech/csj/2022-06-11/doc-imizmscu6226225.shtml
2022-06-11 22:36:13,023 - INFO    - url:https://news.sina.com.cn/s/2022-06-09/doc-imizirau7340396.shtml
2022-06-11 22:36:13,024 - INFO    - url:https://news.sina.com.cn/zx/2022-06-10/doc-imizirau7544758.shtml
2022-06-11 22:36:13,024 - INFO    - url:https://ent.sina.com.cn/m/f/2022-05-23/doc-imizmscu2832355.shtml
2022-06-11 22:36:13,026 - INFO    - url:https://finance.sina.com.cn/stock/usstock/c/2022-06-11/doc-imizirau7776095.shtml
2022-06-11 22:36:13,026 - INFO    - url:https://sports.sina.com.cn/l/2022-06-11/doc-imizmscu6261873.shtml
2022-06-11 22:36:13,028 - INFO    - url:https://news.sina.com.cn/w/2022-06-09/doc-imizirau7406375.shtml
2022-06-11 22:36:13,030 - INFO    - url:https://finance.sina.com.cn/jjxw/2022-06-11/doc-imizirau7858572.shtml
2022-06-11 22:36:13,030 - INFO    - url:https://finance.sina.com.cn/money/fund/jjdt/2022-06-11/doc-imizirau7816000.shtml
2022-06-11 22:36:13,032 - INFO    - url:https://mil.news.sina.com.cn/2022-06-10/doc-imizirau7577655.shtml
2022-06-11 22:36:13,032 - INFO    - url:https://news.sina.com.cn/c/2022-06-10/doc-imizirau7540600.shtml
2022-06-11 22:36:13,033 - INFO    - url:https://finance.sina.com.cn/tech/2022-06-11/doc-imizirau7765830.shtml
2022-06-11 22:36:13,033 - INFO    - url:https://news.sina.com.cn/s/2022-06-09/doc-imizmscu5856019.shtml
2022-06-11 22:36:13,037 - INFO    - url:https://ent.sina.com.cn/m/f/2022-05-23/doc-imizirau4223305.shtml
2022-06-11 22:36:13,039 - INFO    - url:https://finance.sina.com.cn/world/2022-06-11/doc-imizmscu6232966.shtml
2022-06-11 22:36:13,040 - INFO    - url:https://sports.sina.com.cn/golf/pgatour/2022-06-11/doc-imizirau7801852.shtml
2022-06-11 22:36:13,041 - INFO    - url:https://news.sina.com.cn/w/2022-06-09/doc-imizmscu5905570.shtml
2022-06-11 22:36:13,042 - INFO    - url:https://finance.sina.com.cn/stock/usstock/c/2022-06-11/doc-imizirau7858364.shtml
2022-06-11 22:36:13,042 - INFO    - url:https://news.sina.com.cn/c/2022-06-10/doc-imizmscu6034273.shtml
2022-06-11 22:36:13,044 - INFO    - url:https://finance.sina.com.cn/money/fund/jjzl/2022-06-11/doc-imizirau7815342.shtml
2022-06-11 22:36:13,044 - INFO    - url:https://mil.news.sina.com.cn/china/2022-06-09/doc-imizirau7473377.shtml
2022-06-11 22:36:13,044 - INFO    - url:https://finance.sina.com.cn/tech/2022-06-11/doc-imizmscu6183653.shtml
2022-06-11 22:36:13,045 - INFO    - url:https://news.sina.com.cn/o/2022-06-08/doc-imizmscu5796525.shtml
2022-06-11 22:36:13,048 - INFO    - url:https://finance.sina.com.cn/chanjing/gsnews/2022-06-11/doc-imizmscu6232618.shtml
2022-06-11 22:36:13,048 - INFO    - url:https://finance.sina.com.cn/china/2022-06-11/doc-imizmscu6305977.shtml
2022-06-11 22:36:13,049 - INFO    - url:https://sports.sina.com.cn/golf/pgatour/2022-06-11/doc-imizmscu6255625.shtml
2022-06-11 22:36:13,049 - INFO    - url:https://news.sina.com.cn/w/2022-06-09/doc-imizirau7401910.shtml
2022-06-11 22:36:13,050 - INFO    - url:https://ent.sina.com.cn/m/c/2022-05-20/doc-imcwipik0801314.shtml
2022-06-11 22:36:13,051 - INFO    - url:https://finance.sina.com.cn/stock/usstock/c/2022-06-11/doc-imizirau7815594.shtml
2022-06-11 22:36:13,054 - INFO    - url:https://finance.sina.com.cn/tech/2022-06-11/doc-imizmscu6159049.shtml
2022-06-11 22:36:13,055 - INFO    - url:https://news.sina.com.cn/s/2022-06-08/doc-imizmscu5789355.shtml
2022-06-11 22:36:13,056 - INFO    - url:https://mil.news.sina.com.cn/2022-06-09/doc-imizmscu5975785.shtml
2022-06-11 22:36:13,057 - INFO    - url:https://finance.sina.com.cn/jjxw/2022-06-11/doc-imizmscu6233158.shtml
2022-06-11 22:36:13,058 - INFO    - url:https://sports.sina.com.cn/l/2022-06-11/doc-imizmscu6245672.shtml
2022-06-11 22:36:13,059 - INFO    - url:https://news.sina.com.cn/w/2022-06-09/doc-imizmscu5916401.shtml
2022-06-11 22:36:13,061 - INFO    - url:https://finance.sina.com.cn/hy/hyjz/2022-06-11/doc-imizirau7812660.shtml
2022-06-11 22:36:13,063 - INFO    - url:https://ent.sina.com.cn/jp/2022-05-19/doc-imcwipik0727994.shtml
2022-06-11 22:36:13,064 - INFO    - url:https://mil.news.sina.com.cn/2022-06-09/doc-imizirau7463007.shtml
2022-06-11 22:36:13,064 - INFO    - url:https://finance.sina.com.cn/stock/usstock/c/2022-06-11/doc-imizirau7769853.shtml
2022-06-11 22:36:13,065 - INFO    - url:https://finance.sina.com.cn/tech/2022-06-11/doc-imizirau7717854.shtml
2022-06-11 22:36:13,067 - INFO    - url:https://sports.sina.com.cn/l/2022-06-11/doc-imizmscu6245455.shtml
2022-06-11 22:36:13,068 - INFO    - url:https://news.sina.com.cn/s/2022-06-08/doc-imizmscu5785752.shtml
2022-06-11 22:36:13,069 - INFO    - url:https://news.sina.com.cn/o/2022-06-09/doc-imizmscu5876373.shtml
2022-06-11 22:36:13,070 - INFO    - url:https://ent.sina.com.cn/tv/zy/2022-05-19/doc-imcwiwst8278603.shtml
2022-06-11 22:36:13,071 - INFO    - url:https://mil.news.sina.com.cn/2022-06-09/doc-imizmscu5971654.shtml
2022-06-11 22:36:13,072 - INFO    - url:http://finance.sina.com.cn/tech/csj/2022-06-11/doc-imizirau7758792.shtml
2022-06-11 22:36:13,074 - INFO    - url:https://sports.sina.com.cn/golf/jgto/2022-06-11/doc-imizmscu6245262.shtml
2022-06-11 22:36:13,075 - INFO    - url:https://finance.sina.com.cn/roll/2022-06-11/doc-imizmscu6226275.shtml
2022-06-11 22:36:13,077 - INFO    - url:https://news.sina.com.cn/s/2022-06-08/doc-imizmscu5780572.shtml
2022-06-11 22:36:13,081 - INFO    - url:https://sports.sina.com.cn/l/2022-06-11/doc-imizmscu6245166.shtml
2022-06-11 22:36:13,081 - INFO    - url:https://news.sina.com.cn/w/2022-06-09/doc-imizirau7340109.shtml
2022-06-11 22:36:13,082 - INFO    - url:https://finance.sina.com.cn/tech/2022-06-11/doc-imizirau7758335.shtml
2022-06-11 22:36:13,084 - INFO    - url:https://ent.sina.com.cn/y/youmei/2022-05-19/doc-imcwiwst8245018.shtml
2022-06-11 22:36:13,084 - INFO    - url:https://finance.sina.com.cn/world/2022-06-11/doc-imizirau7763359.shtml
2022-06-11 22:36:13,087 - INFO    - url:https://news.sina.com.cn/s/2022-06-08/doc-imizirau7233913.shtml
2022-06-11 22:36:13,087 - INFO    - url:https://news.sina.com.cn/w/2022-06-09/doc-imizmscu5851499.shtml
2022-06-11 22:36:13,090 - INFO    - url:https://ent.sina.com.cn/y/yneidi/2022-05-18/doc-imcwiwst8134195.shtml
2022-06-11 22:36:13,092 - INFO    - url:https://finance.sina.com.cn/stock/hkstock/hkstocknews/2022-06-11/doc-imizirau7762837.shtml
2022-06-11 22:36:13,093 - INFO    - url:https://news.sina.com.cn/s/2022-06-08/doc-imizmscu5752570.shtml
2022-06-11 22:36:13,096 - INFO    - url:https://finance.sina.com.cn/jjxw/2022-06-11/doc-imizirau7760070.shtml
2022-06-11 22:36:13,097 - INFO    - url:https://news.sina.com.cn/w/2022-06-09/doc-imizirau7324804.shtml
2022-06-11 22:36:13,102 - INFO    - url:https://finance.sina.com.cn/jjxw/2022-06-11/doc-imizmscu6222779.shtml
2022-06-11 22:36:13,105 - INFO    - url:https://finance.sina.com.cn/wm/2022-06-11/doc-imizirau7758259.shtml
